<?xml version="1.0" encoding="UTF-8"?>
<!-- Generated by org.testng.reporters.JUnitXMLReporter -->
<testsuite ignored="0" hostname="Karthick" failures="1" tests="3" name="Test rediff" time="6.378" errors="0" timestamp="2023-10-07T10:09:45 IST">
  <testcase classname="com.TestNg.ExtentReport.BaseTest" name="@AfterMethod generateTestStatus" time="-1.696653585004E9">
    <failure type="org.testng.TestNGException" message="
Can inject only one of &amp;lt;ITestContext, XmlTest, Method, Object[], ITestResult&amp;gt; into a @AfterMethod annotated generateTestStatus.
For more information on native dependency injection please refer to https://testng.org/doc/documentation-main.html#native-dependency-injection">
      <![CDATA[org.testng.TestNGException: 
Can inject only one of <ITestContext, XmlTest, Method, Object[], ITestResult> into a @AfterMethod annotated generateTestStatus.
For more information on native dependency injection please refer to https://testng.org/doc/documentation-main.html#native-dependency-injection
at java.base/java.util.ArrayList.forEach(ArrayList.java:1511)
... Removed 29 stack frames]]>
    </failure>
  </testcase> <!-- @AfterMethod generateTestStatus -->
  <testcase classname="com.TestNg.ExtentReport.BaseTest" name="@AfterMethod generateTestStatus" time="-1.696653585024E9">
    <skipped/>
  </testcase> <!-- @AfterMethod generateTestStatus -->
  <testcase classname="com.TestNg.ExtentReport.BaseTest" name="@AfterMethod generateTestStatus" time="-1.696653585042E9">
    <skipped/>
  </testcase> <!-- @AfterMethod generateTestStatus -->
  <testcase classname="com.TestNg.ExtentReport.TestClass" name="TestGoogle" time="4.082">
    <failure type="java.lang.AssertionError" message="This title is not correct expected [Createaccount- Wikipedia] but found [Create account - Wikipedia]">
      <![CDATA[java.lang.AssertionError: This title is not correct expected [Createaccount- Wikipedia] but found [Create account - Wikipedia]
at com.TestNg.ExtentReport.TestClass.TestGoogle(TestClass.java:17)
at java.base/java.util.ArrayList.forEach(ArrayList.java:1511)
... Removed 30 stack frames]]>
    </failure>
  </testcase> <!-- TestGoogle -->
  <testcase classname="com.TestNg.ExtentReport.TestClass" name="Testfacebook" time="0.0">
    <skipped/>
  </testcase> <!-- Testfacebook -->
  <testcase classname="com.TestNg.ExtentReport.TestClass" name="Testrediff" time="0.0">
    <skipped/>
  </testcase> <!-- Testrediff -->
</testsuite> <!-- Test rediff -->
